{"level":"info","message":"Database connected successfully","service":"performance-statistics-api","timestamp":"2025-09-16 14:16:36"}
{"level":"error","message":"Unable to start server: Failed to open the referenced table 'states'","name":"SequelizeDatabaseError","original":{"code":"ER_FK_CANNOT_OPEN_PARENT","errno":1824,"sql":"CREATE TABLE IF NOT EXISTS `user` (`id` INTEGER auto_increment , `state_id` INTEGER, `range_id` INTEGER, `district_id` INTEGER, `first_name` VARCHAR(255), `last_name` VARCHAR(255), `email` VARCHAR(255) UNIQUE, `mobile_no` VARCHAR(255), `contact_no` VARCHAR(255), `user_image` VARCHAR(255), `password` VARCHAR(255) NOT NULL, `is_first` TINYINT(1) DEFAULT true, `joining_date` VARCHAR(255), `end_date` VARCHAR(255), `number_subdivision` INTEGER, `number_cirlce` INTEGER, `number_ps` INTEGER, `number_op` INTEGER, `token` TEXT, `token_validity` DATETIME, `role_id` INTEGER, `otp` VARCHAR(255), `otp_validity` DATETIME, `verified` TINYINT(1) DEFAULT false, `created_by` INTEGER, `updated_by` INTEGER, `active` TINYINT(1) DEFAULT true, `created_date` DATETIME NOT NULL, `updated_date` DATETIME NOT NULL, PRIMARY KEY (`id`), FOREIGN KEY (`state_id`) REFERENCES `states` (`id`) ON DELETE SET NULL ON UPDATE CASCADE, FOREIGN KEY (`range_id`) REFERENCES `ranges` (`id`) ON DELETE SET NULL ON UPDATE CASCADE, FOREIGN KEY (`district_id`) REFERENCES `districts` (`id`) ON DELETE SET NULL ON UPDATE CASCADE, FOREIGN KEY (`role_id`) REFERENCES `roles` (`id`) ON DELETE SET NULL ON UPDATE CASCADE) ENGINE=InnoDB;","sqlMessage":"Failed to open the referenced table 'states'","sqlState":"HY000"},"parameters":{},"parent":{"code":"ER_FK_CANNOT_OPEN_PARENT","errno":1824,"sql":"CREATE TABLE IF NOT EXISTS `user` (`id` INTEGER auto_increment , `state_id` INTEGER, `range_id` INTEGER, `district_id` INTEGER, `first_name` VARCHAR(255), `last_name` VARCHAR(255), `email` VARCHAR(255) UNIQUE, `mobile_no` VARCHAR(255), `contact_no` VARCHAR(255), `user_image` VARCHAR(255), `password` VARCHAR(255) NOT NULL, `is_first` TINYINT(1) DEFAULT true, `joining_date` VARCHAR(255), `end_date` VARCHAR(255), `number_subdivision` INTEGER, `number_cirlce` INTEGER, `number_ps` INTEGER, `number_op` INTEGER, `token` TEXT, `token_validity` DATETIME, `role_id` INTEGER, `otp` VARCHAR(255), `otp_validity` DATETIME, `verified` TINYINT(1) DEFAULT false, `created_by` INTEGER, `updated_by` INTEGER, `active` TINYINT(1) DEFAULT true, `created_date` DATETIME NOT NULL, `updated_date` DATETIME NOT NULL, PRIMARY KEY (`id`), FOREIGN KEY (`state_id`) REFERENCES `states` (`id`) ON DELETE SET NULL ON UPDATE CASCADE, FOREIGN KEY (`range_id`) REFERENCES `ranges` (`id`) ON DELETE SET NULL ON UPDATE CASCADE, FOREIGN KEY (`district_id`) REFERENCES `districts` (`id`) ON DELETE SET NULL ON UPDATE CASCADE, FOREIGN KEY (`role_id`) REFERENCES `roles` (`id`) ON DELETE SET NULL ON UPDATE CASCADE) ENGINE=InnoDB;","sqlMessage":"Failed to open the referenced table 'states'","sqlState":"HY000"},"service":"performance-statistics-api","sql":"CREATE TABLE IF NOT EXISTS `user` (`id` INTEGER auto_increment , `state_id` INTEGER, `range_id` INTEGER, `district_id` INTEGER, `first_name` VARCHAR(255), `last_name` VARCHAR(255), `email` VARCHAR(255) UNIQUE, `mobile_no` VARCHAR(255), `contact_no` VARCHAR(255), `user_image` VARCHAR(255), `password` VARCHAR(255) NOT NULL, `is_first` TINYINT(1) DEFAULT true, `joining_date` VARCHAR(255), `end_date` VARCHAR(255), `number_subdivision` INTEGER, `number_cirlce` INTEGER, `number_ps` INTEGER, `number_op` INTEGER, `token` TEXT, `token_validity` DATETIME, `role_id` INTEGER, `otp` VARCHAR(255), `otp_validity` DATETIME, `verified` TINYINT(1) DEFAULT false, `created_by` INTEGER, `updated_by` INTEGER, `active` TINYINT(1) DEFAULT true, `created_date` DATETIME NOT NULL, `updated_date` DATETIME NOT NULL, PRIMARY KEY (`id`), FOREIGN KEY (`state_id`) REFERENCES `states` (`id`) ON DELETE SET NULL ON UPDATE CASCADE, FOREIGN KEY (`range_id`) REFERENCES `ranges` (`id`) ON DELETE SET NULL ON UPDATE CASCADE, FOREIGN KEY (`district_id`) REFERENCES `districts` (`id`) ON DELETE SET NULL ON UPDATE CASCADE, FOREIGN KEY (`role_id`) REFERENCES `roles` (`id`) ON DELETE SET NULL ON UPDATE CASCADE) ENGINE=InnoDB;","stack":"Error\n    at Query.run (G:\\MocSoft\\BSAP\\Darpan\\performancestatistics-nodejs\\node_modules\\sequelize\\lib\\dialects\\mysql\\query.js:52:25)\n    at G:\\MocSoft\\BSAP\\Darpan\\performancestatistics-nodejs\\node_modules\\sequelize\\lib\\sequelize.js:315:28\n    at process.processTicksAndRejections (node:internal/process/task_queues:105:5)\n    at async MySQLQueryInterface.createTable (G:\\MocSoft\\BSAP\\Darpan\\performancestatistics-nodejs\\node_modules\\sequelize\\lib\\dialects\\abstract\\query-interface.js:98:12)\n    at async User.sync (G:\\MocSoft\\BSAP\\Darpan\\performancestatistics-nodejs\\node_modules\\sequelize\\lib\\model.js:942:7)\n    at async Sequelize.sync (G:\\MocSoft\\BSAP\\Darpan\\performancestatistics-nodejs\\node_modules\\sequelize\\lib\\sequelize.js:377:9)\n    at async startServer (G:\\MocSoft\\BSAP\\Darpan\\performancestatistics-nodejs\\app.js:102:7)","timestamp":"2025-09-16 14:16:37"}
{"level":"info","message":"Database connected successfully","service":"performance-statistics-api","timestamp":"2025-09-16 14:44:43"}
{"level":"error","message":"Unable to start server: Failed to open the referenced table 'states'","name":"SequelizeDatabaseError","original":{"code":"ER_FK_CANNOT_OPEN_PARENT","errno":1824,"sql":"CREATE TABLE IF NOT EXISTS `user` (`id` INTEGER auto_increment , `state_id` INTEGER, `range_id` INTEGER, `district_id` INTEGER, `first_name` VARCHAR(255), `last_name` VARCHAR(255), `email` VARCHAR(255) UNIQUE, `mobile_no` VARCHAR(255), `contact_no` VARCHAR(255), `user_image` VARCHAR(255), `password` VARCHAR(255) NOT NULL, `is_first` TINYINT(1) DEFAULT true, `joining_date` VARCHAR(255), `end_date` VARCHAR(255), `number_subdivision` INTEGER, `number_cirlce` INTEGER, `number_ps` INTEGER, `number_op` INTEGER, `token` TEXT, `token_validity` DATETIME, `role_id` INTEGER, `otp` VARCHAR(255), `otp_validity` DATETIME, `verified` TINYINT(1) DEFAULT false, `created_by` INTEGER, `updated_by` INTEGER, `active` TINYINT(1) DEFAULT true, `created_date` DATETIME NOT NULL, `updated_date` DATETIME NOT NULL, PRIMARY KEY (`id`), FOREIGN KEY (`state_id`) REFERENCES `states` (`id`) ON DELETE SET NULL ON UPDATE CASCADE, FOREIGN KEY (`range_id`) REFERENCES `ranges` (`id`) ON DELETE SET NULL ON UPDATE CASCADE, FOREIGN KEY (`district_id`) REFERENCES `districts` (`id`) ON DELETE SET NULL ON UPDATE CASCADE, FOREIGN KEY (`role_id`) REFERENCES `roles` (`id`) ON DELETE SET NULL ON UPDATE CASCADE) ENGINE=InnoDB;","sqlMessage":"Failed to open the referenced table 'states'","sqlState":"HY000"},"parameters":{},"parent":{"code":"ER_FK_CANNOT_OPEN_PARENT","errno":1824,"sql":"CREATE TABLE IF NOT EXISTS `user` (`id` INTEGER auto_increment , `state_id` INTEGER, `range_id` INTEGER, `district_id` INTEGER, `first_name` VARCHAR(255), `last_name` VARCHAR(255), `email` VARCHAR(255) UNIQUE, `mobile_no` VARCHAR(255), `contact_no` VARCHAR(255), `user_image` VARCHAR(255), `password` VARCHAR(255) NOT NULL, `is_first` TINYINT(1) DEFAULT true, `joining_date` VARCHAR(255), `end_date` VARCHAR(255), `number_subdivision` INTEGER, `number_cirlce` INTEGER, `number_ps` INTEGER, `number_op` INTEGER, `token` TEXT, `token_validity` DATETIME, `role_id` INTEGER, `otp` VARCHAR(255), `otp_validity` DATETIME, `verified` TINYINT(1) DEFAULT false, `created_by` INTEGER, `updated_by` INTEGER, `active` TINYINT(1) DEFAULT true, `created_date` DATETIME NOT NULL, `updated_date` DATETIME NOT NULL, PRIMARY KEY (`id`), FOREIGN KEY (`state_id`) REFERENCES `states` (`id`) ON DELETE SET NULL ON UPDATE CASCADE, FOREIGN KEY (`range_id`) REFERENCES `ranges` (`id`) ON DELETE SET NULL ON UPDATE CASCADE, FOREIGN KEY (`district_id`) REFERENCES `districts` (`id`) ON DELETE SET NULL ON UPDATE CASCADE, FOREIGN KEY (`role_id`) REFERENCES `roles` (`id`) ON DELETE SET NULL ON UPDATE CASCADE) ENGINE=InnoDB;","sqlMessage":"Failed to open the referenced table 'states'","sqlState":"HY000"},"service":"performance-statistics-api","sql":"CREATE TABLE IF NOT EXISTS `user` (`id` INTEGER auto_increment , `state_id` INTEGER, `range_id` INTEGER, `district_id` INTEGER, `first_name` VARCHAR(255), `last_name` VARCHAR(255), `email` VARCHAR(255) UNIQUE, `mobile_no` VARCHAR(255), `contact_no` VARCHAR(255), `user_image` VARCHAR(255), `password` VARCHAR(255) NOT NULL, `is_first` TINYINT(1) DEFAULT true, `joining_date` VARCHAR(255), `end_date` VARCHAR(255), `number_subdivision` INTEGER, `number_cirlce` INTEGER, `number_ps` INTEGER, `number_op` INTEGER, `token` TEXT, `token_validity` DATETIME, `role_id` INTEGER, `otp` VARCHAR(255), `otp_validity` DATETIME, `verified` TINYINT(1) DEFAULT false, `created_by` INTEGER, `updated_by` INTEGER, `active` TINYINT(1) DEFAULT true, `created_date` DATETIME NOT NULL, `updated_date` DATETIME NOT NULL, PRIMARY KEY (`id`), FOREIGN KEY (`state_id`) REFERENCES `states` (`id`) ON DELETE SET NULL ON UPDATE CASCADE, FOREIGN KEY (`range_id`) REFERENCES `ranges` (`id`) ON DELETE SET NULL ON UPDATE CASCADE, FOREIGN KEY (`district_id`) REFERENCES `districts` (`id`) ON DELETE SET NULL ON UPDATE CASCADE, FOREIGN KEY (`role_id`) REFERENCES `roles` (`id`) ON DELETE SET NULL ON UPDATE CASCADE) ENGINE=InnoDB;","stack":"Error\n    at Query.run (G:\\MocSoft\\BSAP\\Darpan\\performancestatistics-nodejs\\node_modules\\sequelize\\lib\\dialects\\mysql\\query.js:52:25)\n    at G:\\MocSoft\\BSAP\\Darpan\\performancestatistics-nodejs\\node_modules\\sequelize\\lib\\sequelize.js:315:28\n    at process.processTicksAndRejections (node:internal/process/task_queues:105:5)\n    at async MySQLQueryInterface.createTable (G:\\MocSoft\\BSAP\\Darpan\\performancestatistics-nodejs\\node_modules\\sequelize\\lib\\dialects\\abstract\\query-interface.js:98:12)\n    at async User.sync (G:\\MocSoft\\BSAP\\Darpan\\performancestatistics-nodejs\\node_modules\\sequelize\\lib\\model.js:942:7)\n    at async Sequelize.sync (G:\\MocSoft\\BSAP\\Darpan\\performancestatistics-nodejs\\node_modules\\sequelize\\lib\\sequelize.js:377:9)\n    at async startServer (G:\\MocSoft\\BSAP\\Darpan\\performancestatistics-nodejs\\app.js:102:7)","timestamp":"2025-09-16 14:44:43"}
{"level":"info","message":"Database connected successfully","service":"performance-statistics-api","timestamp":"2025-09-16 17:27:19"}
{"level":"info","message":"Database synchronized","service":"performance-statistics-api","timestamp":"2025-09-16 17:27:19"}
{"level":"info","message":"Server is running on port 3000","service":"performance-statistics-api","timestamp":"2025-09-16 17:27:19"}
{"level":"info","message":"SIGINT received. Shutting down gracefully...","service":"performance-statistics-api","timestamp":"2025-09-16 17:33:58"}
{"level":"info","message":"Database connected successfully","service":"performance-statistics-api","timestamp":"2025-09-16 17:34:04"}
{"level":"info","message":"Database synchronized","service":"performance-statistics-api","timestamp":"2025-09-16 17:34:04"}
{"level":"info","message":"Server is running on port 3000","service":"performance-statistics-api","timestamp":"2025-09-16 17:34:04"}
{"level":"info","message":"SIGINT received. Shutting down gracefully...","service":"performance-statistics-api","timestamp":"2025-09-16 17:36:45"}
{"level":"info","message":"Database connected successfully","service":"performance-statistics-api","timestamp":"2025-09-16 17:36:50"}
{"level":"info","message":"Database synchronized","service":"performance-statistics-api","timestamp":"2025-09-16 17:36:50"}
{"level":"info","message":"Server is running on port 3000","service":"performance-statistics-api","timestamp":"2025-09-16 17:36:50"}
{"level":"info","message":"SIGINT received. Shutting down gracefully...","service":"performance-statistics-api","timestamp":"2025-09-16 17:39:59"}
{"level":"info","message":"Database connected successfully","service":"performance-statistics-api","timestamp":"2025-09-16 17:40:03"}
{"level":"info","message":"Database synchronized","service":"performance-statistics-api","timestamp":"2025-09-16 17:40:04"}
{"level":"info","message":"Server is running on port 3000","service":"performance-statistics-api","timestamp":"2025-09-16 17:40:04"}
{"level":"info","message":"SIGINT received. Shutting down gracefully...","service":"performance-statistics-api","timestamp":"2025-09-16 17:41:19"}
{"level":"info","message":"Database connected successfully","service":"performance-statistics-api","timestamp":"2025-09-16 17:41:23"}
{"level":"info","message":"Database synchronized","service":"performance-statistics-api","timestamp":"2025-09-16 17:41:24"}
{"level":"info","message":"Server is running on port 3000","service":"performance-statistics-api","timestamp":"2025-09-16 17:41:24"}
{"level":"info","message":"SIGINT received. Shutting down gracefully...","service":"performance-statistics-api","timestamp":"2025-09-16 17:42:26"}
{"level":"info","message":"Database connected successfully","service":"performance-statistics-api","timestamp":"2025-09-16 17:42:38"}
{"level":"info","message":"Database synchronized","service":"performance-statistics-api","timestamp":"2025-09-16 17:42:39"}
{"level":"info","message":"Server is running on port 3000","service":"performance-statistics-api","timestamp":"2025-09-16 17:42:39"}
{"level":"info","message":"Database connected successfully","service":"performance-statistics-api","timestamp":"2025-09-16 17:44:29"}
{"level":"info","message":"Database synchronized","service":"performance-statistics-api","timestamp":"2025-09-16 17:44:29"}
{"level":"info","message":"Server is running on port 3000","service":"performance-statistics-api","timestamp":"2025-09-16 17:44:29"}
{"level":"info","message":"Database connected successfully","service":"performance-statistics-api","timestamp":"2025-09-16 17:45:12"}
{"level":"info","message":"Database synchronized","service":"performance-statistics-api","timestamp":"2025-09-16 17:45:12"}
{"level":"info","message":"Server is running on port 3000","service":"performance-statistics-api","timestamp":"2025-09-16 17:45:12"}
{"level":"info","message":"Database connected successfully","service":"performance-statistics-api","timestamp":"2025-09-16 17:45:47"}
{"level":"info","message":"Database synchronized","service":"performance-statistics-api","timestamp":"2025-09-16 17:45:48"}
{"level":"info","message":"Server is running on port 3000","service":"performance-statistics-api","timestamp":"2025-09-16 17:45:48"}
{"level":"info","message":"Database connected successfully","service":"performance-statistics-api","timestamp":"2025-09-16 17:52:22"}
{"level":"info","message":"Database synchronized","service":"performance-statistics-api","timestamp":"2025-09-16 17:52:22"}
{"level":"info","message":"Server is running on port 3000","service":"performance-statistics-api","timestamp":"2025-09-16 17:52:22"}
{"level":"error","message":"Login error: Cannot access 'user' before initialization","service":"performance-statistics-api","stack":"ReferenceError: Cannot access 'user' before initialization\n    at G:\\MocSoft\\BSAP\\Darpan\\performancestatistics-nodejs\\src\\routes\\authRoutes.js:41:18\n    at Layer.handle [as handle_request] (G:\\MocSoft\\BSAP\\Darpan\\performancestatistics-nodejs\\node_modules\\express\\lib\\router\\layer.js:95:5)\n    at next (G:\\MocSoft\\BSAP\\Darpan\\performancestatistics-nodejs\\node_modules\\express\\lib\\router\\route.js:149:13)\n    at middleware (G:\\MocSoft\\BSAP\\Darpan\\performancestatistics-nodejs\\node_modules\\express-validator\\lib\\middlewares\\check.js:16:13)\n    at process.processTicksAndRejections (node:internal/process/task_queues:105:5)","timestamp":"2025-09-16 17:52:28"}
{"level":"info","message":"Database connected successfully","service":"performance-statistics-api","timestamp":"2025-09-16 17:52:41"}
{"level":"info","message":"Database synchronized","service":"performance-statistics-api","timestamp":"2025-09-16 17:52:41"}
{"level":"info","message":"Server is running on port 3000","service":"performance-statistics-api","timestamp":"2025-09-16 17:52:41"}
{"level":"info","message":"Database connected successfully","service":"performance-statistics-api","timestamp":"2025-09-16 17:54:49"}
{"level":"info","message":"Database synchronized","service":"performance-statistics-api","timestamp":"2025-09-16 17:54:49"}
{"level":"info","message":"Server is running on port 3000","service":"performance-statistics-api","timestamp":"2025-09-16 17:54:49"}
{"level":"info","message":"Database connected successfully","service":"performance-statistics-api","timestamp":"2025-09-16 17:55:01"}
{"level":"info","message":"Database synchronized","service":"performance-statistics-api","timestamp":"2025-09-16 17:55:02"}
{"level":"info","message":"Server is running on port 3000","service":"performance-statistics-api","timestamp":"2025-09-16 17:55:02"}
{"level":"info","message":"Database connected successfully","service":"performance-statistics-api","timestamp":"2025-09-16 17:55:09"}
{"level":"info","message":"Database synchronized","service":"performance-statistics-api","timestamp":"2025-09-16 17:55:09"}
{"level":"info","message":"Server is running on port 3000","service":"performance-statistics-api","timestamp":"2025-09-16 17:55:09"}
{"level":"error","message":"Database test error: Cannot read properties of undefined (reading 'query')","service":"performance-statistics-api","stack":"TypeError: Cannot read properties of undefined (reading 'query')\n    at G:\\MocSoft\\BSAP\\Darpan\\performancestatistics-nodejs\\src\\routes\\authRoutes.js:44:51\n    at Layer.handle [as handle_request] (G:\\MocSoft\\BSAP\\Darpan\\performancestatistics-nodejs\\node_modules\\express\\lib\\router\\layer.js:95:5)\n    at next (G:\\MocSoft\\BSAP\\Darpan\\performancestatistics-nodejs\\node_modules\\express\\lib\\router\\route.js:149:13)\n    at middleware (G:\\MocSoft\\BSAP\\Darpan\\performancestatistics-nodejs\\node_modules\\express-validator\\lib\\middlewares\\check.js:16:13)\n    at process.processTicksAndRejections (node:internal/process/task_queues:105:5)","timestamp":"2025-09-16 17:55:41"}
{"level":"info","message":"Database connected successfully","service":"performance-statistics-api","timestamp":"2025-09-16 17:56:40"}
{"level":"info","message":"Database synchronized","service":"performance-statistics-api","timestamp":"2025-09-16 17:56:41"}
{"level":"info","message":"Server is running on port 3000","service":"performance-statistics-api","timestamp":"2025-09-16 17:56:41"}
{"level":"info","message":"Database connected successfully","service":"performance-statistics-api","timestamp":"2025-09-16 17:56:51"}
{"level":"info","message":"Database synchronized","service":"performance-statistics-api","timestamp":"2025-09-16 17:56:51"}
{"level":"info","message":"Server is running on port 3000","service":"performance-statistics-api","timestamp":"2025-09-16 17:56:51"}
{"level":"info","message":"Database connected successfully","service":"performance-statistics-api","timestamp":"2025-09-16 17:57:03"}
{"level":"info","message":"Database synchronized","service":"performance-statistics-api","timestamp":"2025-09-16 17:57:04"}
{"level":"info","message":"Server is running on port 3000","service":"performance-statistics-api","timestamp":"2025-09-16 17:57:04"}
{"level":"error","message":"Database test error: Table 'performance_statistics.users' doesn't exist","name":"SequelizeDatabaseError","original":{"code":"ER_NO_SUCH_TABLE","errno":1146,"sql":"SELECT COUNT(*) as userCount FROM users WHERE active = 1","sqlMessage":"Table 'performance_statistics.users' doesn't exist","sqlState":"42S02"},"parameters":{},"parent":{"code":"ER_NO_SUCH_TABLE","errno":1146,"sql":"SELECT COUNT(*) as userCount FROM users WHERE active = 1","sqlMessage":"Table 'performance_statistics.users' doesn't exist","sqlState":"42S02"},"service":"performance-statistics-api","sql":"SELECT COUNT(*) as userCount FROM users WHERE active = 1","stack":"Error\n    at Query.run (G:\\MocSoft\\BSAP\\Darpan\\performancestatistics-nodejs\\node_modules\\sequelize\\lib\\dialects\\mysql\\query.js:52:25)\n    at G:\\MocSoft\\BSAP\\Darpan\\performancestatistics-nodejs\\node_modules\\sequelize\\lib\\sequelize.js:315:28\n    at process.processTicksAndRejections (node:internal/process/task_queues:105:5)\n    at async G:\\MocSoft\\BSAP\\Darpan\\performancestatistics-nodejs\\src\\routes\\authRoutes.js:44:35","timestamp":"2025-09-16 17:57:13"}
{"level":"info","message":"Database connected successfully","service":"performance-statistics-api","timestamp":"2025-09-16 17:57:47"}
{"level":"info","message":"Database synchronized","service":"performance-statistics-api","timestamp":"2025-09-16 17:57:48"}
{"level":"info","message":"Server is running on port 3000","service":"performance-statistics-api","timestamp":"2025-09-16 17:57:48"}
{"level":"info","message":"Database connected successfully","service":"performance-statistics-api","timestamp":"2025-09-16 17:58:30"}
{"level":"info","message":"Database synchronized","service":"performance-statistics-api","timestamp":"2025-09-16 17:58:30"}
{"level":"info","message":"Server is running on port 3000","service":"performance-statistics-api","timestamp":"2025-09-16 17:58:30"}
{"level":"info","message":"Database connected successfully","service":"performance-statistics-api","timestamp":"2025-09-16 17:59:43"}
{"level":"info","message":"Database synchronized","service":"performance-statistics-api","timestamp":"2025-09-16 17:59:43"}
{"level":"info","message":"Server is running on port 3000","service":"performance-statistics-api","timestamp":"2025-09-16 17:59:43"}
{"level":"info","message":"Database connected successfully","service":"performance-statistics-api","timestamp":"2025-09-16 18:00:11"}
{"level":"info","message":"Database synchronized","service":"performance-statistics-api","timestamp":"2025-09-16 18:00:11"}
{"level":"info","message":"Server is running on port 3000","service":"performance-statistics-api","timestamp":"2025-09-16 18:00:11"}
{"level":"info","message":"Database connected successfully","service":"performance-statistics-api","timestamp":"2025-09-16 18:01:48"}
{"level":"info","message":"Database synchronized","service":"performance-statistics-api","timestamp":"2025-09-16 18:01:48"}
{"level":"info","message":"Server is running on port 3000","service":"performance-statistics-api","timestamp":"2025-09-16 18:01:48"}
{"level":"info","message":"User mocsoft@gmail.com logged in successfully","service":"performance-statistics-api","timestamp":"2025-09-16 18:04:49"}
{"level":"info","message":"Database connected successfully","service":"performance-statistics-api","timestamp":"2025-09-16 18:05:05"}
{"level":"info","message":"Database synchronized","service":"performance-statistics-api","timestamp":"2025-09-16 18:05:06"}
{"level":"info","message":"Server is running on port 3000","service":"performance-statistics-api","timestamp":"2025-09-16 18:05:06"}
{"level":"info","message":"Database connected successfully","service":"performance-statistics-api","timestamp":"2025-09-17 20:44:03"}
{"level":"info","message":"Database synchronized","service":"performance-statistics-api","timestamp":"2025-09-17 20:44:04"}
{"level":"info","message":"Server is running on port 3000","service":"performance-statistics-api","timestamp":"2025-09-17 20:44:04"}
{"level":"info","message":"User mocsoft@gmail.com logged in successfully","service":"performance-statistics-api","timestamp":"2025-09-17 20:46:44"}
{"level":"info","message":"User mocsoft@gmail.com logged in successfully","service":"performance-statistics-api","timestamp":"2025-09-17 20:52:39"}
{"level":"info","message":"User mocsoft@gmail.com logged in successfully","service":"performance-statistics-api","timestamp":"2025-09-17 20:53:44"}
{"level":"info","message":"Database connected successfully","service":"performance-statistics-api","timestamp":"2025-09-17 21:01:20"}
{"level":"info","message":"Database synchronized","service":"performance-statistics-api","timestamp":"2025-09-17 21:01:20"}
{"level":"info","message":"Server is running on port 3000","service":"performance-statistics-api","timestamp":"2025-09-17 21:01:20"}
{"level":"info","message":"Database connected successfully","service":"performance-statistics-api","timestamp":"2025-09-17 21:05:45"}
{"level":"info","message":"Database synchronized","service":"performance-statistics-api","timestamp":"2025-09-17 21:05:45"}
{"level":"info","message":"Server is running on port 3000","service":"performance-statistics-api","timestamp":"2025-09-17 21:05:45"}
{"level":"info","message":"Database connected successfully","service":"performance-statistics-api","timestamp":"2025-09-17 21:21:46"}
{"level":"info","message":"Database synchronized","service":"performance-statistics-api","timestamp":"2025-09-17 21:21:46"}
{"level":"info","message":"Server is running on port 3000","service":"performance-statistics-api","timestamp":"2025-09-17 21:21:46"}
{"level":"info","message":"Database connected successfully","service":"performance-statistics-api","timestamp":"2025-09-17 21:23:45"}
{"level":"info","message":"Database synchronized","service":"performance-statistics-api","timestamp":"2025-09-17 21:23:46"}
{"level":"info","message":"Server is running on port 3000","service":"performance-statistics-api","timestamp":"2025-09-17 21:23:46"}
{"level":"info","message":"Database connected successfully","service":"performance-statistics-api","timestamp":"2025-09-17 21:24:04"}
{"level":"info","message":"Database synchronized","service":"performance-statistics-api","timestamp":"2025-09-17 21:24:05"}
{"level":"info","message":"Server is running on port 3000","service":"performance-statistics-api","timestamp":"2025-09-17 21:24:05"}
{"level":"info","message":"Database connected successfully","service":"performance-statistics-api","timestamp":"2025-09-17 21:29:19"}
{"level":"info","message":"Database synchronized","service":"performance-statistics-api","timestamp":"2025-09-17 21:29:19"}
{"level":"info","message":"Server is running on port 3000","service":"performance-statistics-api","timestamp":"2025-09-17 21:29:19"}
{"level":"info","message":"Database connected successfully","service":"performance-statistics-api","timestamp":"2025-09-17 21:29:44"}
{"level":"info","message":"Database synchronized","service":"performance-statistics-api","timestamp":"2025-09-17 21:29:45"}
{"level":"info","message":"Server is running on port 3000","service":"performance-statistics-api","timestamp":"2025-09-17 21:29:45"}
{"level":"info","message":"Database connected successfully","service":"performance-statistics-api","timestamp":"2025-09-17 21:30:05"}
{"level":"info","message":"Database synchronized","service":"performance-statistics-api","timestamp":"2025-09-17 21:30:05"}
{"level":"info","message":"Server is running on port 3000","service":"performance-statistics-api","timestamp":"2025-09-17 21:30:05"}
{"level":"info","message":"Database connected successfully","service":"performance-statistics-api","timestamp":"2025-09-17 21:30:53"}
{"level":"info","message":"Database synchronized","service":"performance-statistics-api","timestamp":"2025-09-17 21:30:53"}
{"level":"info","message":"Server is running on port 3000","service":"performance-statistics-api","timestamp":"2025-09-17 21:30:53"}
{"level":"info","message":"Database connected successfully","service":"performance-statistics-api","timestamp":"2025-09-17 21:31:23"}
{"level":"info","message":"Database synchronized","service":"performance-statistics-api","timestamp":"2025-09-17 21:31:23"}
{"level":"info","message":"Server is running on port 3000","service":"performance-statistics-api","timestamp":"2025-09-17 21:31:23"}
{"level":"info","message":"Database connected successfully","service":"performance-statistics-api","timestamp":"2025-09-17 21:32:00"}
{"level":"info","message":"Database synchronized","service":"performance-statistics-api","timestamp":"2025-09-17 21:32:01"}
{"level":"info","message":"Server is running on port 3000","service":"performance-statistics-api","timestamp":"2025-09-17 21:32:01"}
{"level":"info","message":"Database connected successfully","service":"performance-statistics-api","timestamp":"2025-09-17 21:49:13"}
{"level":"info","message":"Database synchronized","service":"performance-statistics-api","timestamp":"2025-09-17 21:49:13"}
{"level":"info","message":"Server is running on port 3000","service":"performance-statistics-api","timestamp":"2025-09-17 21:49:13"}
{"level":"info","message":"Database connected successfully","service":"performance-statistics-api","timestamp":"2025-09-17 21:51:38"}
{"level":"info","message":"Database synchronized","service":"performance-statistics-api","timestamp":"2025-09-17 21:51:39"}
{"level":"info","message":"Server is running on port 3000","service":"performance-statistics-api","timestamp":"2025-09-17 21:51:39"}
{"level":"info","message":"Database connected successfully","service":"performance-statistics-api","timestamp":"2025-09-17 21:55:32"}
{"level":"info","message":"Database synchronized","service":"performance-statistics-api","timestamp":"2025-09-17 21:55:33"}
{"level":"info","message":"Server is running on port 3000","service":"performance-statistics-api","timestamp":"2025-09-17 21:55:33"}
{"level":"info","message":"Database connected successfully","service":"performance-statistics-api","timestamp":"2025-09-17 21:55:47"}
{"level":"info","message":"Database synchronized","service":"performance-statistics-api","timestamp":"2025-09-17 21:55:48"}
{"level":"info","message":"Server is running on port 3000","service":"performance-statistics-api","timestamp":"2025-09-17 21:55:48"}
{"level":"info","message":"Database connected successfully","service":"performance-statistics-api","timestamp":"2025-09-17 21:55:56"}
{"level":"info","message":"Database synchronized","service":"performance-statistics-api","timestamp":"2025-09-17 21:55:57"}
{"level":"info","message":"Server is running on port 3000","service":"performance-statistics-api","timestamp":"2025-09-17 21:55:57"}
{"level":"info","message":"Database connected successfully","service":"performance-statistics-api","timestamp":"2025-09-17 21:56:03"}
{"level":"info","message":"Database synchronized","service":"performance-statistics-api","timestamp":"2025-09-17 21:56:03"}
{"level":"info","message":"Server is running on port 3000","service":"performance-statistics-api","timestamp":"2025-09-17 21:56:03"}
{"level":"info","message":"Database connected successfully","service":"performance-statistics-api","timestamp":"2025-09-17 21:57:46"}
{"level":"info","message":"Database synchronized","service":"performance-statistics-api","timestamp":"2025-09-17 21:57:46"}
{"level":"info","message":"Server is running on port 3000","service":"performance-statistics-api","timestamp":"2025-09-17 21:57:46"}
{"level":"info","message":"Database connected successfully","service":"performance-statistics-api","timestamp":"2025-09-17 21:58:57"}
{"level":"info","message":"Database synchronized","service":"performance-statistics-api","timestamp":"2025-09-17 21:58:57"}
{"level":"info","message":"Server is running on port 3000","service":"performance-statistics-api","timestamp":"2025-09-17 21:58:57"}
{"level":"info","message":"Database connected successfully","service":"performance-statistics-api","timestamp":"2025-09-17 22:01:08"}
{"level":"info","message":"Database synchronized","service":"performance-statistics-api","timestamp":"2025-09-17 22:01:09"}
{"level":"info","message":"Server is running on port 3000","service":"performance-statistics-api","timestamp":"2025-09-17 22:01:09"}
{"level":"info","message":"Database connected successfully","service":"performance-statistics-api","timestamp":"2025-09-17 22:03:44"}
{"level":"info","message":"Database synchronized","service":"performance-statistics-api","timestamp":"2025-09-17 22:03:45"}
{"level":"info","message":"Server is running on port 3000","service":"performance-statistics-api","timestamp":"2025-09-17 22:03:45"}
{"level":"info","message":"Database connected successfully","service":"performance-statistics-api","timestamp":"2025-09-17 22:03:59"}
{"level":"info","message":"Database synchronized","service":"performance-statistics-api","timestamp":"2025-09-17 22:03:59"}
{"level":"info","message":"Server is running on port 3000","service":"performance-statistics-api","timestamp":"2025-09-17 22:03:59"}
{"level":"info","message":"Database connected successfully","service":"performance-statistics-api","timestamp":"2025-09-17 22:04:56"}
{"level":"info","message":"Database synchronized","service":"performance-statistics-api","timestamp":"2025-09-17 22:04:56"}
{"level":"info","message":"Server is running on port 3000","service":"performance-statistics-api","timestamp":"2025-09-17 22:04:56"}
{"level":"info","message":"Database connected successfully","service":"performance-statistics-api","timestamp":"2025-09-17 22:06:15"}
{"level":"info","message":"Database synchronized","service":"performance-statistics-api","timestamp":"2025-09-17 22:06:15"}
{"level":"info","message":"Server is running on port 3000","service":"performance-statistics-api","timestamp":"2025-09-17 22:06:15"}
{"level":"info","message":"Database connected successfully","service":"performance-statistics-api","timestamp":"2025-09-17 22:06:34"}
{"level":"info","message":"Database synchronized","service":"performance-statistics-api","timestamp":"2025-09-17 22:06:34"}
{"level":"info","message":"Server is running on port 3000","service":"performance-statistics-api","timestamp":"2025-09-17 22:06:34"}
{"level":"info","message":"Database connected successfully","service":"performance-statistics-api","timestamp":"2025-09-17 22:06:48"}
{"level":"info","message":"Database synchronized","service":"performance-statistics-api","timestamp":"2025-09-17 22:06:48"}
{"level":"info","message":"Server is running on port 3000","service":"performance-statistics-api","timestamp":"2025-09-17 22:06:48"}
{"level":"info","message":"Database connected successfully","service":"performance-statistics-api","timestamp":"2025-09-17 22:11:17"}
{"level":"info","message":"Database synchronized","service":"performance-statistics-api","timestamp":"2025-09-17 22:11:18"}
{"level":"info","message":"Server is running on port 3000","service":"performance-statistics-api","timestamp":"2025-09-17 22:11:18"}
{"level":"info","message":"Database connected successfully","service":"performance-statistics-api","timestamp":"2025-09-17 22:11:29"}
{"level":"info","message":"Database synchronized","service":"performance-statistics-api","timestamp":"2025-09-17 22:11:30"}
{"level":"info","message":"Server is running on port 3000","service":"performance-statistics-api","timestamp":"2025-09-17 22:11:30"}
{"level":"info","message":"Database connected successfully","service":"performance-statistics-api","timestamp":"2025-09-17 22:14:01"}
{"level":"info","message":"Database synchronized","service":"performance-statistics-api","timestamp":"2025-09-17 22:14:02"}
{"level":"info","message":"Server is running on port 3000","service":"performance-statistics-api","timestamp":"2025-09-17 22:14:02"}
{"level":"info","message":"Database connected successfully","service":"performance-statistics-api","timestamp":"2025-09-17 22:15:25"}
{"level":"info","message":"Database synchronized","service":"performance-statistics-api","timestamp":"2025-09-17 22:15:25"}
{"level":"info","message":"Server is running on port 3000","service":"performance-statistics-api","timestamp":"2025-09-17 22:15:25"}
{"level":"info","message":"Database connected successfully","service":"performance-statistics-api","timestamp":"2025-09-17 22:17:14"}
{"level":"info","message":"Database synchronized","service":"performance-statistics-api","timestamp":"2025-09-17 22:17:15"}
{"level":"info","message":"Server is running on port 3000","service":"performance-statistics-api","timestamp":"2025-09-17 22:17:15"}
{"level":"info","message":"Database connected successfully","service":"performance-statistics-api","timestamp":"2025-09-17 22:20:00"}
{"level":"info","message":"Database synchronized","service":"performance-statistics-api","timestamp":"2025-09-17 22:20:00"}
{"level":"info","message":"Server is running on port 3000","service":"performance-statistics-api","timestamp":"2025-09-17 22:20:00"}
{"level":"info","message":"Database connected successfully","service":"performance-statistics-api","timestamp":"2025-09-17 22:24:57"}
{"level":"info","message":"Database synchronized","service":"performance-statistics-api","timestamp":"2025-09-17 22:24:57"}
{"level":"info","message":"Server is running on port 3000","service":"performance-statistics-api","timestamp":"2025-09-17 22:24:57"}
{"level":"info","message":"Database connected successfully","service":"performance-statistics-api","timestamp":"2025-09-17 22:25:10"}
{"level":"info","message":"Database synchronized","service":"performance-statistics-api","timestamp":"2025-09-17 22:25:11"}
{"level":"info","message":"Server is running on port 3000","service":"performance-statistics-api","timestamp":"2025-09-17 22:25:11"}
{"level":"info","message":"Database connected successfully","service":"performance-statistics-api","timestamp":"2025-09-17 22:30:01"}
{"level":"info","message":"Database synchronized","service":"performance-statistics-api","timestamp":"2025-09-17 22:30:01"}
{"level":"info","message":"Server is running on port 3000","service":"performance-statistics-api","timestamp":"2025-09-17 22:30:01"}
{"level":"info","message":"Database connected successfully","service":"performance-statistics-api","timestamp":"2025-09-17 22:30:52"}
{"level":"info","message":"Database synchronized","service":"performance-statistics-api","timestamp":"2025-09-17 22:30:53"}
{"level":"info","message":"Server is running on port 3000","service":"performance-statistics-api","timestamp":"2025-09-17 22:30:53"}
{"level":"info","message":"Database connected successfully","service":"performance-statistics-api","timestamp":"2025-09-17 22:32:23"}
{"level":"info","message":"Database synchronized","service":"performance-statistics-api","timestamp":"2025-09-17 22:32:24"}
{"level":"info","message":"Server is running on port 3000","service":"performance-statistics-api","timestamp":"2025-09-17 22:32:24"}
{"level":"error","message":"Login error: Permission is not associated to RolePermission!","name":"SequelizeEagerLoadingError","service":"performance-statistics-api","stack":"SequelizeEagerLoadingError: Permission is not associated to RolePermission!\n    at RolePermission._getIncludedAssociation (G:\\MocSoft\\BSAP\\New folder\\Darpan\\performancestatistics-nodejs\\node_modules\\sequelize\\lib\\model.js:565:13)\n    at RolePermission._validateIncludedElement (G:\\MocSoft\\BSAP\\New folder\\Darpan\\performancestatistics-nodejs\\node_modules\\sequelize\\lib\\model.js:502:53)\n    at G:\\MocSoft\\BSAP\\New folder\\Darpan\\performancestatistics-nodejs\\node_modules\\sequelize\\lib\\model.js:421:37\n    at Array.map (<anonymous>)\n    at RolePermission._validateIncludedElements (G:\\MocSoft\\BSAP\\New folder\\Darpan\\performancestatistics-nodejs\\node_modules\\sequelize\\lib\\model.js:417:39)\n    at RolePermission.findAll (G:\\MocSoft\\BSAP\\New folder\\Darpan\\performancestatistics-nodejs\\node_modules\\sequelize\\lib\\model.js:1124:12)\n    at process.processTicksAndRejections (node:internal/process/task_queues:105:5)\n    at async AuthService.doLogin (G:\\MocSoft\\BSAP\\New folder\\Darpan\\performancestatistics-nodejs\\src\\services\\authService.js:72:29)\n    at async Object.login (G:\\MocSoft\\BSAP\\New folder\\Darpan\\performancestatistics-nodejs\\src\\controllers\\authController.js:8:20)","timestamp":"2025-09-17 22:32:51"}
{"level":"info","message":"Database connected successfully","service":"performance-statistics-api","timestamp":"2025-09-17 22:37:50"}
{"level":"info","message":"Database synchronized","service":"performance-statistics-api","timestamp":"2025-09-17 22:37:50"}
{"level":"info","message":"Server is running on port 3000","service":"performance-statistics-api","timestamp":"2025-09-17 22:37:50"}
{"level":"info","message":"Database connected successfully","service":"performance-statistics-api","timestamp":"2025-09-17 22:38:00"}
{"level":"info","message":"Database synchronized","service":"performance-statistics-api","timestamp":"2025-09-17 22:38:00"}
{"level":"info","message":"Server is running on port 3000","service":"performance-statistics-api","timestamp":"2025-09-17 22:38:00"}
{"level":"info","message":"Database connected successfully","service":"performance-statistics-api","timestamp":"2025-09-17 22:38:08"}
{"level":"info","message":"Database synchronized","service":"performance-statistics-api","timestamp":"2025-09-17 22:38:09"}
{"level":"info","message":"Server is running on port 3000","service":"performance-statistics-api","timestamp":"2025-09-17 22:38:09"}
{"level":"info","message":"Database connected successfully","service":"performance-statistics-api","timestamp":"2025-09-17 22:38:29"}
{"level":"info","message":"Database synchronized","service":"performance-statistics-api","timestamp":"2025-09-17 22:38:30"}
{"level":"info","message":"Server is running on port 3000","service":"performance-statistics-api","timestamp":"2025-09-17 22:38:30"}
{"level":"info","message":"User mocsoft@gmail.com logged in successfully","service":"performance-statistics-api","timestamp":"2025-09-17 22:38:35"}
{"level":"info","message":"User mocsoft@gmail.com logged in successfully","service":"performance-statistics-api","timestamp":"2025-09-17 22:42:45"}
{"level":"info","message":"Database connected successfully","service":"performance-statistics-api","timestamp":"2025-09-17 22:50:14"}
{"level":"info","message":"Database synchronized","service":"performance-statistics-api","timestamp":"2025-09-17 22:50:14"}
{"level":"info","message":"Server is running on port 3000","service":"performance-statistics-api","timestamp":"2025-09-17 22:50:14"}
{"level":"info","message":"Database connected successfully","service":"performance-statistics-api","timestamp":"2025-09-17 22:50:20"}
{"level":"info","message":"Database synchronized","service":"performance-statistics-api","timestamp":"2025-09-17 22:50:21"}
{"level":"info","message":"Server is running on port 3000","service":"performance-statistics-api","timestamp":"2025-09-17 22:50:21"}
{"level":"info","message":"Database connected successfully","service":"performance-statistics-api","timestamp":"2025-09-17 22:51:35"}
{"level":"info","message":"Database synchronized","service":"performance-statistics-api","timestamp":"2025-09-17 22:51:36"}
{"level":"info","message":"Server is running on port 3000","service":"performance-statistics-api","timestamp":"2025-09-17 22:51:36"}
{"level":"info","message":"User mocsoft@gmail.com logged in successfully","service":"performance-statistics-api","timestamp":"2025-09-17 22:52:03"}
{"level":"info","message":"Database connected successfully","service":"performance-statistics-api","timestamp":"2025-09-17 22:53:03"}
{"level":"info","message":"Database synchronized","service":"performance-statistics-api","timestamp":"2025-09-17 22:53:04"}
{"level":"info","message":"Server is running on port 3000","service":"performance-statistics-api","timestamp":"2025-09-17 22:53:04"}
{"level":"info","message":"User mocsoft@gmail.com logged in successfully","service":"performance-statistics-api","timestamp":"2025-09-17 22:53:25"}
{"level":"info","message":"SIGINT received. Shutting down gracefully...","service":"performance-statistics-api","timestamp":"2025-09-17 22:59:06"}
{"level":"info","message":"Database connected successfully","service":"performance-statistics-api","timestamp":"2025-09-17 22:59:11"}
{"level":"info","message":"Database synchronized","service":"performance-statistics-api","timestamp":"2025-09-17 22:59:11"}
{"level":"info","message":"Server is running on port 3000","service":"performance-statistics-api","timestamp":"2025-09-17 22:59:11"}
{"level":"info","message":"User mocsoft@gmail.com logged in successfully","service":"performance-statistics-api","timestamp":"2025-09-17 22:59:37"}
{"level":"info","message":"Database connected successfully","service":"performance-statistics-api","timestamp":"2025-09-17 23:07:51"}
{"level":"info","message":"Database synchronized","service":"performance-statistics-api","timestamp":"2025-09-17 23:07:52"}
{"level":"info","message":"Server is running on port 3000","service":"performance-statistics-api","timestamp":"2025-09-17 23:07:52"}
{"level":"info","message":"Database connected successfully","service":"performance-statistics-api","timestamp":"2025-09-17 23:08:26"}
{"level":"info","message":"Database synchronized","service":"performance-statistics-api","timestamp":"2025-09-17 23:08:26"}
{"level":"info","message":"Server is running on port 3000","service":"performance-statistics-api","timestamp":"2025-09-17 23:08:26"}
{"level":"info","message":"User mocsoft@gmail.com logged in successfully","service":"performance-statistics-api","timestamp":"2025-09-17 23:08:56"}
{"level":"info","message":"Database connected successfully","service":"performance-statistics-api","timestamp":"2025-09-17 23:09:49"}
{"level":"info","message":"Database synchronized","service":"performance-statistics-api","timestamp":"2025-09-17 23:09:49"}
{"level":"info","message":"Server is running on port 3000","service":"performance-statistics-api","timestamp":"2025-09-17 23:09:49"}
{"level":"info","message":"SIGINT received. Shutting down gracefully...","service":"performance-statistics-api","timestamp":"2025-09-17 23:19:29"}
{"level":"info","message":"Database connected successfully","service":"performance-statistics-api","timestamp":"2025-09-17 23:19:35"}
{"level":"info","message":"Database synchronized","service":"performance-statistics-api","timestamp":"2025-09-17 23:19:35"}
{"level":"info","message":"Server is running on port 5000","service":"performance-statistics-api","timestamp":"2025-09-17 23:19:35"}
{"level":"info","message":"Database connected successfully","service":"performance-statistics-api","timestamp":"2025-09-17 23:22:49"}
{"level":"info","message":"Database synchronized","service":"performance-statistics-api","timestamp":"2025-09-17 23:22:49"}
{"level":"info","message":"Server is running on port 5000","service":"performance-statistics-api","timestamp":"2025-09-17 23:22:49"}
{"level":"info","message":"User mocsoft@gmail.com logged in successfully","service":"performance-statistics-api","timestamp":"2025-09-17 23:24:01"}
{"level":"info","message":"Database connected successfully","service":"performance-statistics-api","timestamp":"2025-09-17 23:25:20"}
{"level":"info","message":"Database synchronized","service":"performance-statistics-api","timestamp":"2025-09-17 23:25:20"}
{"level":"info","message":"Server is running on port 5000","service":"performance-statistics-api","timestamp":"2025-09-17 23:25:20"}
{"level":"info","message":"Database connected successfully","service":"performance-statistics-api","timestamp":"2025-09-17 23:25:48"}
{"level":"info","message":"Database synchronized","service":"performance-statistics-api","timestamp":"2025-09-17 23:25:49"}
{"level":"info","message":"Server is running on port 5000","service":"performance-statistics-api","timestamp":"2025-09-17 23:25:49"}
{"level":"info","message":"Database connected successfully","service":"performance-statistics-api","timestamp":"2025-09-17 23:26:56"}
{"level":"info","message":"Database synchronized","service":"performance-statistics-api","timestamp":"2025-09-17 23:26:57"}
{"level":"info","message":"Server is running on port 5000","service":"performance-statistics-api","timestamp":"2025-09-17 23:26:57"}
{"level":"info","message":"Database connected successfully","service":"performance-statistics-api","timestamp":"2025-09-17 23:31:36"}
{"level":"info","message":"Database synchronized","service":"performance-statistics-api","timestamp":"2025-09-17 23:31:37"}
{"level":"info","message":"Server is running on port 5000","service":"performance-statistics-api","timestamp":"2025-09-17 23:31:37"}
{"level":"info","message":"Database connected successfully","service":"performance-statistics-api","timestamp":"2025-09-17 23:31:50"}
{"level":"info","message":"Database synchronized","service":"performance-statistics-api","timestamp":"2025-09-17 23:31:51"}
{"level":"info","message":"Server is running on port 5000","service":"performance-statistics-api","timestamp":"2025-09-17 23:31:51"}
{"level":"info","message":"Database connected successfully","service":"performance-statistics-api","timestamp":"2025-09-17 23:33:07"}
{"level":"info","message":"Database synchronized","service":"performance-statistics-api","timestamp":"2025-09-17 23:33:07"}
{"level":"info","message":"Server is running on port 5000","service":"performance-statistics-api","timestamp":"2025-09-17 23:33:07"}
{"level":"info","message":"User mocsoft@gmail.com logged in successfully","service":"performance-statistics-api","timestamp":"2025-09-17 23:33:43"}
{"level":"info","message":"SIGINT received. Shutting down gracefully...","service":"performance-statistics-api","timestamp":"2025-09-17 23:34:09"}
{"level":"info","message":"Database connected successfully","service":"performance-statistics-api","timestamp":"2025-09-17 23:34:16"}
{"level":"info","message":"Database synchronized","service":"performance-statistics-api","timestamp":"2025-09-17 23:34:16"}
{"level":"info","message":"Server is running on port 5000","service":"performance-statistics-api","timestamp":"2025-09-17 23:34:16"}
{"level":"info","message":"User mocsoft@gmail.com logged in successfully","service":"performance-statistics-api","timestamp":"2025-09-17 23:36:52"}
{"level":"info","message":"User mocsoft@gmail.com logged in successfully","service":"performance-statistics-api","timestamp":"2025-09-17 23:37:58"}
{"level":"info","message":"Database connected successfully","service":"performance-statistics-api","timestamp":"2025-09-17 23:40:06"}
{"level":"info","message":"Database synchronized","service":"performance-statistics-api","timestamp":"2025-09-17 23:40:07"}
{"level":"info","message":"Server is running on port 5000","service":"performance-statistics-api","timestamp":"2025-09-17 23:40:07"}
{"level":"info","message":"Database connected successfully","service":"performance-statistics-api","timestamp":"2025-09-17 23:40:49"}
{"level":"info","message":"Database synchronized","service":"performance-statistics-api","timestamp":"2025-09-17 23:40:50"}
{"level":"info","message":"Server is running on port 5000","service":"performance-statistics-api","timestamp":"2025-09-17 23:40:50"}
{"level":"info","message":"Database connected successfully","service":"performance-statistics-api","timestamp":"2025-09-17 23:41:25"}
{"level":"info","message":"Database synchronized","service":"performance-statistics-api","timestamp":"2025-09-17 23:41:26"}
{"level":"info","message":"Server is running on port 5000","service":"performance-statistics-api","timestamp":"2025-09-17 23:41:26"}
{"level":"info","message":"User mocsoft@gmail.com logged in successfully","service":"performance-statistics-api","timestamp":"2025-09-17 23:41:46"}
{"level":"info","message":"Database connected successfully","service":"performance-statistics-api","timestamp":"2025-09-17 23:44:26"}
{"level":"info","message":"Database synchronized","service":"performance-statistics-api","timestamp":"2025-09-17 23:44:26"}
{"level":"info","message":"Server is running on port 5000","service":"performance-statistics-api","timestamp":"2025-09-17 23:44:26"}
{"level":"info","message":"Database connected successfully","service":"performance-statistics-api","timestamp":"2025-09-17 23:44:33"}
{"level":"info","message":"Database synchronized","service":"performance-statistics-api","timestamp":"2025-09-17 23:44:34"}
{"level":"info","message":"Server is running on port 5000","service":"performance-statistics-api","timestamp":"2025-09-17 23:44:34"}
{"level":"info","message":"Database connected successfully","service":"performance-statistics-api","timestamp":"2025-09-17 23:44:43"}
{"level":"info","message":"Database synchronized","service":"performance-statistics-api","timestamp":"2025-09-17 23:44:43"}
{"level":"info","message":"Server is running on port 5000","service":"performance-statistics-api","timestamp":"2025-09-17 23:44:43"}
{"level":"info","message":"Database connected successfully","service":"performance-statistics-api","timestamp":"2025-09-17 23:45:01"}
{"level":"info","message":"Database synchronized","service":"performance-statistics-api","timestamp":"2025-09-17 23:45:01"}
{"level":"info","message":"Server is running on port 5000","service":"performance-statistics-api","timestamp":"2025-09-17 23:45:01"}
{"level":"info","message":"SIGINT received. Shutting down gracefully...","service":"performance-statistics-api","timestamp":"2025-09-17 23:45:08"}
{"level":"info","message":"Database connected successfully","service":"performance-statistics-api","timestamp":"2025-09-17 23:45:13"}
{"level":"info","message":"Database synchronized","service":"performance-statistics-api","timestamp":"2025-09-17 23:45:13"}
{"level":"info","message":"Server is running on port 5000","service":"performance-statistics-api","timestamp":"2025-09-17 23:45:13"}
{"level":"info","message":"User mocsoft@gmail.com logged in successfully","service":"performance-statistics-api","timestamp":"2025-09-17 23:47:03"}
{"level":"info","message":"SIGINT received. Shutting down gracefully...","service":"performance-statistics-api","timestamp":"2025-09-17 23:49:25"}
{"level":"info","message":"Database connected successfully","service":"performance-statistics-api","timestamp":"2025-09-17 23:49:39"}
{"level":"info","message":"Database synchronized","service":"performance-statistics-api","timestamp":"2025-09-17 23:49:40"}
{"level":"info","message":"Server is running on port 5000","service":"performance-statistics-api","timestamp":"2025-09-17 23:49:40"}
{"level":"info","message":"User mocsoft@gmail.com logged in successfully","service":"performance-statistics-api","timestamp":"2025-09-17 23:50:24"}
{"level":"info","message":"SIGINT received. Shutting down gracefully...","service":"performance-statistics-api","timestamp":"2025-09-17 23:52:32"}
{"level":"info","message":"Database connected successfully","service":"performance-statistics-api","timestamp":"2025-09-18 00:02:19"}
{"level":"info","message":"Database connected successfully","service":"performance-statistics-api","timestamp":"2025-09-18 00:02:19"}
{"level":"info","message":"Database synchronized","service":"performance-statistics-api","timestamp":"2025-09-18 00:02:20"}
{"level":"info","message":"Server is running on port 5000","service":"performance-statistics-api","timestamp":"2025-09-18 00:02:20"}
{"level":"info","message":"Database synchronized","service":"performance-statistics-api","timestamp":"2025-09-18 00:02:20"}
{"level":"info","message":"Database connected successfully","service":"performance-statistics-api","timestamp":"2025-09-18 00:02:28"}
{"level":"info","message":"Database connected successfully","service":"performance-statistics-api","timestamp":"2025-09-18 00:02:29"}
{"level":"info","message":"Database synchronized","service":"performance-statistics-api","timestamp":"2025-09-18 00:02:29"}
{"level":"info","message":"Server is running on port 5000","service":"performance-statistics-api","timestamp":"2025-09-18 00:02:29"}
{"level":"info","message":"Database synchronized","service":"performance-statistics-api","timestamp":"2025-09-18 00:02:29"}
{"level":"info","message":"Database connected successfully","service":"performance-statistics-api","timestamp":"2025-09-18 00:02:38"}
{"level":"info","message":"Database connected successfully","service":"performance-statistics-api","timestamp":"2025-09-18 00:02:39"}
{"level":"info","message":"Database synchronized","service":"performance-statistics-api","timestamp":"2025-09-18 00:02:39"}
{"level":"info","message":"Server is running on port 5000","service":"performance-statistics-api","timestamp":"2025-09-18 00:02:39"}
{"level":"info","message":"Database synchronized","service":"performance-statistics-api","timestamp":"2025-09-18 00:02:39"}
{"level":"info","message":"Database connected successfully","service":"performance-statistics-api","timestamp":"2025-09-18 00:02:46"}
{"level":"info","message":"Database synchronized","service":"performance-statistics-api","timestamp":"2025-09-18 00:02:46"}
{"level":"info","message":"Server is running on port 5000","service":"performance-statistics-api","timestamp":"2025-09-18 00:02:46"}
{"level":"info","message":"Database connected successfully","service":"performance-statistics-api","timestamp":"2025-09-18 00:03:16"}
{"level":"info","message":"Database synchronized","service":"performance-statistics-api","timestamp":"2025-09-18 00:03:16"}
{"level":"info","message":"Server is running on port 5000","service":"performance-statistics-api","timestamp":"2025-09-18 00:03:16"}
{"level":"info","message":"Database connected successfully","service":"performance-statistics-api","timestamp":"2025-09-18 00:03:43"}
{"level":"info","message":"Database synchronized","service":"performance-statistics-api","timestamp":"2025-09-18 00:03:44"}
{"level":"info","message":"Server is running on port 5000","service":"performance-statistics-api","timestamp":"2025-09-18 00:03:44"}
{"level":"info","message":"Database connected successfully","service":"performance-statistics-api","timestamp":"2025-09-18 00:06:24"}
{"level":"info","message":"Database synchronized","service":"performance-statistics-api","timestamp":"2025-09-18 00:06:24"}
{"level":"info","message":"Server is running on port 5000","service":"performance-statistics-api","timestamp":"2025-09-18 00:06:24"}
{"level":"info","message":"Database connected successfully","service":"performance-statistics-api","timestamp":"2025-09-18 00:12:34"}
{"level":"info","message":"Database synchronized","service":"performance-statistics-api","timestamp":"2025-09-18 00:12:34"}
{"level":"info","message":"Server is running on port 5000","service":"performance-statistics-api","timestamp":"2025-09-18 00:12:34"}
{"level":"info","message":"Database connected successfully","service":"performance-statistics-api","timestamp":"2025-09-18 00:13:27"}
{"level":"info","message":"Database synchronized","service":"performance-statistics-api","timestamp":"2025-09-18 00:13:28"}
{"level":"info","message":"Server is running on port 5000","service":"performance-statistics-api","timestamp":"2025-09-18 00:13:28"}
{"level":"info","message":"Database connected successfully","service":"performance-statistics-api","timestamp":"2025-09-18 00:14:44"}
{"level":"info","message":"Database synchronized","service":"performance-statistics-api","timestamp":"2025-09-18 00:14:44"}
{"level":"info","message":"Server is running on port 5000","service":"performance-statistics-api","timestamp":"2025-09-18 00:14:44"}
{"level":"info","message":"Database connected successfully","service":"performance-statistics-api","timestamp":"2025-09-18 00:17:37"}
{"level":"info","message":"Database synchronized","service":"performance-statistics-api","timestamp":"2025-09-18 00:17:38"}
{"level":"info","message":"Server is running on port 5000","service":"performance-statistics-api","timestamp":"2025-09-18 00:17:38"}
{"level":"info","message":"Database connected successfully","service":"performance-statistics-api","timestamp":"2025-09-18 00:17:46"}
{"level":"info","message":"Database synchronized","service":"performance-statistics-api","timestamp":"2025-09-18 00:17:47"}
{"level":"info","message":"Server is running on port 5000","service":"performance-statistics-api","timestamp":"2025-09-18 00:17:47"}
{"level":"info","message":"Database connected successfully","service":"performance-statistics-api","timestamp":"2025-09-18 00:19:30"}
{"level":"info","message":"Database synchronized","service":"performance-statistics-api","timestamp":"2025-09-18 00:19:30"}
{"level":"info","message":"Server is running on port 5000","service":"performance-statistics-api","timestamp":"2025-09-18 00:19:30"}
{"level":"info","message":"Database connected successfully","service":"performance-statistics-api","timestamp":"2025-09-18 00:19:45"}
{"level":"info","message":"Database synchronized","service":"performance-statistics-api","timestamp":"2025-09-18 00:19:45"}
{"level":"info","message":"Server is running on port 5000","service":"performance-statistics-api","timestamp":"2025-09-18 00:19:45"}
{"level":"info","message":"User mocsoft@gmail.com logged in successfully","service":"performance-statistics-api","timestamp":"2025-09-18 10:59:42"}
{"level":"info","message":"User mocsoft@gmail.com logged in successfully","service":"performance-statistics-api","timestamp":"2025-09-18 11:09:12"}
{"level":"info","message":"User mocsoft@gmail.com logged in successfully","service":"performance-statistics-api","timestamp":"2025-09-18 12:23:40"}
{"level":"info","message":"User mocsoft@gmail.com logged in successfully","service":"performance-statistics-api","timestamp":"2025-09-18 12:39:25"}
{"level":"info","message":"Database connected successfully","service":"performance-statistics-api","timestamp":"2025-09-18 21:46:14"}
{"level":"info","message":"Database synchronized","service":"performance-statistics-api","timestamp":"2025-09-18 21:46:15"}
{"level":"info","message":"Server is running on port 5000","service":"performance-statistics-api","timestamp":"2025-09-18 21:46:15"}
{"level":"info","message":"User mocsoft@gmail.com logged in successfully","service":"performance-statistics-api","timestamp":"2025-09-18 21:47:50"}
{"level":"info","message":"Database connected successfully","service":"performance-statistics-api","timestamp":"2025-09-18 21:50:19"}
{"level":"info","message":"Database synchronized","service":"performance-statistics-api","timestamp":"2025-09-18 21:50:20"}
{"level":"info","message":"Server is running on port 5000","service":"performance-statistics-api","timestamp":"2025-09-18 21:50:20"}
{"level":"info","message":"Database connected successfully","service":"performance-statistics-api","timestamp":"2025-09-18 21:50:34"}
{"level":"info","message":"Database synchronized","service":"performance-statistics-api","timestamp":"2025-09-18 21:50:35"}
{"level":"info","message":"Server is running on port 5000","service":"performance-statistics-api","timestamp":"2025-09-18 21:50:35"}
{"level":"info","message":"Database connected successfully","service":"performance-statistics-api","timestamp":"2025-09-18 21:50:47"}
{"level":"info","message":"Database synchronized","service":"performance-statistics-api","timestamp":"2025-09-18 21:50:47"}
{"level":"info","message":"Server is running on port 5000","service":"performance-statistics-api","timestamp":"2025-09-18 21:50:47"}
{"level":"info","message":"Database connected successfully","service":"performance-statistics-api","timestamp":"2025-09-18 21:51:52"}
{"level":"info","message":"Database synchronized","service":"performance-statistics-api","timestamp":"2025-09-18 21:51:52"}
{"level":"info","message":"Server is running on port 5000","service":"performance-statistics-api","timestamp":"2025-09-18 21:51:53"}
{"level":"info","message":"Database connected successfully","service":"performance-statistics-api","timestamp":"2025-09-18 22:14:36"}
{"level":"info","message":"Database synchronized","service":"performance-statistics-api","timestamp":"2025-09-18 22:14:36"}
{"level":"info","message":"Server is running on port 5000","service":"performance-statistics-api","timestamp":"2025-09-18 22:14:36"}
{"level":"info","message":"Database connected successfully","service":"performance-statistics-api","timestamp":"2025-09-18 22:15:56"}
{"level":"info","message":"Database synchronized","service":"performance-statistics-api","timestamp":"2025-09-18 22:15:57"}
{"level":"info","message":"Server is running on port 5000","service":"performance-statistics-api","timestamp":"2025-09-18 22:15:57"}
{"level":"info","message":"Database connected successfully","service":"performance-statistics-api","timestamp":"2025-09-18 22:16:55"}
{"level":"info","message":"Database synchronized","service":"performance-statistics-api","timestamp":"2025-09-18 22:16:55"}
{"level":"info","message":"Server is running on port 5000","service":"performance-statistics-api","timestamp":"2025-09-18 22:16:55"}
{"level":"info","message":"Database connected successfully","service":"performance-statistics-api","timestamp":"2025-09-18 22:19:09"}
{"level":"info","message":"Database synchronized","service":"performance-statistics-api","timestamp":"2025-09-18 22:19:10"}
{"level":"info","message":"Server is running on port 5000","service":"performance-statistics-api","timestamp":"2025-09-18 22:19:10"}
{"level":"info","message":"Database connected successfully","service":"performance-statistics-api","timestamp":"2025-09-18 22:19:27"}
{"level":"info","message":"Database synchronized","service":"performance-statistics-api","timestamp":"2025-09-18 22:19:28"}
{"level":"info","message":"Server is running on port 5000","service":"performance-statistics-api","timestamp":"2025-09-18 22:19:28"}
{"level":"info","message":"Database connected successfully","service":"performance-statistics-api","timestamp":"2025-09-18 22:20:26"}
{"level":"info","message":"Database synchronized","service":"performance-statistics-api","timestamp":"2025-09-18 22:20:26"}
{"level":"info","message":"Server is running on port 5000","service":"performance-statistics-api","timestamp":"2025-09-18 22:20:26"}
{"level":"info","message":"Database connected successfully","service":"performance-statistics-api","timestamp":"2025-09-18 22:52:15"}
{"level":"info","message":"Database synchronized","service":"performance-statistics-api","timestamp":"2025-09-18 22:52:15"}
{"level":"info","message":"Server is running on port 5000","service":"performance-statistics-api","timestamp":"2025-09-18 22:52:15"}
{"level":"info","message":"Database connected successfully","service":"performance-statistics-api","timestamp":"2025-09-18 22:53:40"}
{"level":"info","message":"Database synchronized","service":"performance-statistics-api","timestamp":"2025-09-18 22:53:41"}
{"level":"info","message":"Server is running on port 5000","service":"performance-statistics-api","timestamp":"2025-09-18 22:53:41"}
{"level":"info","message":"Database connected successfully","service":"performance-statistics-api","timestamp":"2025-09-18 22:54:19"}
{"level":"info","message":"Database synchronized","service":"performance-statistics-api","timestamp":"2025-09-18 22:54:19"}
{"level":"info","message":"Server is running on port 5000","service":"performance-statistics-api","timestamp":"2025-09-18 22:54:19"}
{"level":"info","message":"Database connected successfully","service":"performance-statistics-api","timestamp":"2025-09-18 22:55:14"}
{"level":"info","message":"Database synchronized","service":"performance-statistics-api","timestamp":"2025-09-18 22:55:15"}
{"level":"info","message":"Server is running on port 5000","service":"performance-statistics-api","timestamp":"2025-09-18 22:55:15"}
{"level":"info","message":"Database connected successfully","service":"performance-statistics-api","timestamp":"2025-09-18 23:01:03"}
{"level":"info","message":"Database synchronized","service":"performance-statistics-api","timestamp":"2025-09-18 23:01:04"}
{"level":"info","message":"Server is running on port 5000","service":"performance-statistics-api","timestamp":"2025-09-18 23:01:04"}
{"level":"info","message":"Database connected successfully","service":"performance-statistics-api","timestamp":"2025-09-18 23:01:22"}
{"level":"info","message":"Database synchronized","service":"performance-statistics-api","timestamp":"2025-09-18 23:01:22"}
{"level":"info","message":"Server is running on port 5000","service":"performance-statistics-api","timestamp":"2025-09-18 23:01:22"}
{"level":"info","message":"Database connected successfully","service":"performance-statistics-api","timestamp":"2025-09-18 23:01:38"}
{"level":"info","message":"Database synchronized","service":"performance-statistics-api","timestamp":"2025-09-18 23:01:39"}
{"level":"info","message":"Server is running on port 5000","service":"performance-statistics-api","timestamp":"2025-09-18 23:01:39"}
{"level":"info","message":"Database connected successfully","service":"performance-statistics-api","timestamp":"2025-09-18 23:01:59"}
{"level":"info","message":"Database synchronized","service":"performance-statistics-api","timestamp":"2025-09-18 23:01:59"}
{"level":"info","message":"Server is running on port 5000","service":"performance-statistics-api","timestamp":"2025-09-18 23:01:59"}
{"level":"info","message":"Database connected successfully","service":"performance-statistics-api","timestamp":"2025-09-18 23:02:50"}
{"level":"info","message":"Database synchronized","service":"performance-statistics-api","timestamp":"2025-09-18 23:02:50"}
{"level":"info","message":"Server is running on port 5000","service":"performance-statistics-api","timestamp":"2025-09-18 23:02:50"}
{"level":"info","message":"Database connected successfully","service":"performance-statistics-api","timestamp":"2025-09-18 23:07:01"}
{"level":"info","message":"Database synchronized","service":"performance-statistics-api","timestamp":"2025-09-18 23:07:01"}
{"level":"info","message":"Server is running on port 5000","service":"performance-statistics-api","timestamp":"2025-09-18 23:07:01"}
{"level":"info","message":"Database connected successfully","service":"performance-statistics-api","timestamp":"2025-09-18 23:08:11"}
{"level":"info","message":"Database synchronized","service":"performance-statistics-api","timestamp":"2025-09-18 23:08:11"}
{"level":"info","message":"Server is running on port 5000","service":"performance-statistics-api","timestamp":"2025-09-18 23:08:11"}
{"level":"info","message":"Database connected successfully","service":"performance-statistics-api","timestamp":"2025-09-18 23:17:53"}
{"level":"info","message":"Database synchronized","service":"performance-statistics-api","timestamp":"2025-09-18 23:17:53"}
{"level":"info","message":"Server is running on port 5000","service":"performance-statistics-api","timestamp":"2025-09-18 23:17:53"}
{"level":"info","message":"Database connected successfully","service":"performance-statistics-api","timestamp":"2025-09-18 23:19:54"}
{"level":"info","message":"Database synchronized","service":"performance-statistics-api","timestamp":"2025-09-18 23:19:55"}
{"level":"info","message":"Server is running on port 5000","service":"performance-statistics-api","timestamp":"2025-09-18 23:19:55"}
{"level":"info","message":"Database connected successfully","service":"performance-statistics-api","timestamp":"2025-09-18 23:20:53"}
{"level":"info","message":"Database synchronized","service":"performance-statistics-api","timestamp":"2025-09-18 23:20:54"}
{"level":"info","message":"Server is running on port 5000","service":"performance-statistics-api","timestamp":"2025-09-18 23:20:54"}
{"level":"info","message":"User mocsoft@gmail.com logged in successfully","service":"performance-statistics-api","timestamp":"2025-09-19 00:21:06"}
{"level":"info","message":"Database connected successfully","service":"performance-statistics-api","timestamp":"2025-09-19 20:43:17"}
{"level":"info","message":"Database synchronized","service":"performance-statistics-api","timestamp":"2025-09-19 20:43:18"}
{"level":"info","message":"Server is running on port 5000","service":"performance-statistics-api","timestamp":"2025-09-19 20:43:18"}
{"level":"info","message":"Database connected successfully","service":"performance-statistics-api","timestamp":"2025-09-19 20:49:28"}
{"level":"info","message":"Database synchronized","service":"performance-statistics-api","timestamp":"2025-09-19 20:49:28"}
{"level":"info","message":"Server is running on port 5000","service":"performance-statistics-api","timestamp":"2025-09-19 20:49:28"}
{"level":"info","message":"User mocsoft@gmail.com logged in successfully","service":"performance-statistics-api","timestamp":"2025-09-19 20:49:55"}
{"level":"info","message":"Database connected successfully","service":"performance-statistics-api","timestamp":"2025-09-19 20:52:41"}
{"level":"info","message":"Database synchronized","service":"performance-statistics-api","timestamp":"2025-09-19 20:52:42"}
{"level":"info","message":"Server is running on port 5000","service":"performance-statistics-api","timestamp":"2025-09-19 20:52:42"}
{"level":"info","message":"Database connected successfully","service":"performance-statistics-api","timestamp":"2025-09-19 20:53:59"}
{"level":"info","message":"Database synchronized","service":"performance-statistics-api","timestamp":"2025-09-19 20:53:59"}
{"level":"info","message":"Server is running on port 5000","service":"performance-statistics-api","timestamp":"2025-09-19 20:53:59"}
{"level":"info","message":"Database connected successfully","service":"performance-statistics-api","timestamp":"2025-09-19 20:54:43"}
{"level":"info","message":"Database synchronized","service":"performance-statistics-api","timestamp":"2025-09-19 20:54:43"}
{"level":"info","message":"Server is running on port 5000","service":"performance-statistics-api","timestamp":"2025-09-19 20:54:43"}
{"level":"info","message":"Database connected successfully","service":"performance-statistics-api","timestamp":"2025-09-19 20:57:03"}
{"level":"info","message":"Database synchronized","service":"performance-statistics-api","timestamp":"2025-09-19 20:57:03"}
{"level":"info","message":"Server is running on port 5000","service":"performance-statistics-api","timestamp":"2025-09-19 20:57:03"}
{"level":"info","message":"Database connected successfully","service":"performance-statistics-api","timestamp":"2025-09-19 20:57:51"}
{"level":"info","message":"Database synchronized","service":"performance-statistics-api","timestamp":"2025-09-19 20:57:52"}
{"level":"info","message":"Server is running on port 5000","service":"performance-statistics-api","timestamp":"2025-09-19 20:57:52"}
{"level":"info","message":"Database connected successfully","service":"performance-statistics-api","timestamp":"2025-09-19 20:58:10"}
{"level":"info","message":"Database synchronized","service":"performance-statistics-api","timestamp":"2025-09-19 20:58:11"}
{"level":"info","message":"Server is running on port 5000","service":"performance-statistics-api","timestamp":"2025-09-19 20:58:11"}
{"level":"info","message":"Database connected successfully","service":"performance-statistics-api","timestamp":"2025-09-19 20:58:40"}
{"level":"info","message":"Database synchronized","service":"performance-statistics-api","timestamp":"2025-09-19 20:58:40"}
{"level":"info","message":"Server is running on port 5000","service":"performance-statistics-api","timestamp":"2025-09-19 20:58:40"}
